1505105267677	geckodriver	INFO	geckodriver 0.18.0
1505105267685	geckodriver	INFO	Listening on 127.0.0.1:56086
1505105269911	geckodriver::marionette	INFO	Starting browser C:\Program Files\Mozilla Firefox\firefox.exe with args ["-marionette"]
1505105270226	addons.manager	DEBUG	Application has been upgraded
1505105270250	addons.manager	DEBUG	Loaded provider scope for resource://gre/modules/addons/XPIProvider.jsm: ["XPIProvider", "XPIInternal"]
1505105270254	addons.manager	DEBUG	Loaded provider scope for resource://gre/modules/LightweightThemeManager.jsm: ["LightweightThemeManager"]
1505105270284	addons.manager	DEBUG	Loaded provider scope for resource://gre/modules/addons/GMPProvider.jsm
1505105270288	addons.manager	DEBUG	Loaded provider scope for resource://gre/modules/addons/PluginProvider.jsm
1505105270289	addons.manager	DEBUG	Starting provider: XPIProvider
1505105270289	addons.xpi	DEBUG	startup
1505105270290	addons.xpi	INFO	SystemAddonInstallLocation directory is missing
1505105270290	addons.xpi	INFO	Removing all system add-on upgrades.
1505105270291	addons.xpi	DEBUG	checkForChanges
1505105270292	addons.xpi	WARN	Error parsing extensions state: [Exception... "Component returned failure code: 0x80520012 (NS_ERROR_FILE_NOT_FOUND) [amIAddonManagerStartup.readStartupData]"  nsresult: "0x80520012 (NS_ERROR_FILE_NOT_FOUND)"  location: "JS frame :: resource://gre/modules/addons/XPIProvider.jsm :: loadExtensionState :: line 1596"  data: no] Stack trace: loadExtensionState()@resource://gre/modules/addons/XPIProvider.jsm:1596 < getInstallState()@resource://gre/modules/addons/XPIProvider.jsm:1631 < checkForChanges()@resource://gre/modules/addons/XPIProvider.jsm:3152 < startup()@resource://gre/modules/addons/XPIProvider.jsm:2246 < callProvider()@resource://gre/modules/AddonManager.jsm:271 < _startProvider()@resource://gre/modules/AddonManager.jsm:741 < startup()@resource://gre/modules/AddonManager.jsm:908 < startup()@resource://gre/modules/AddonManager.jsm:3122 < observe()@jar:file:///C:/Program%20Files/Mozilla%20Firefox/omni.ja!/components/addonManager.js:65
1505105270294	addons.xpi	DEBUG	Loaded add-on state: ${}
1505105270295	addons.xpi	INFO	Mapping aushelper@mozilla.org to C:\Program Files\Mozilla Firefox\browser\features\aushelper@mozilla.org.xpi
1505105270295	addons.xpi	INFO	Mapping clicktoplay-rollout@mozilla.org to C:\Program Files\Mozilla Firefox\browser\features\clicktoplay-rollout@mozilla.org.xpi
1505105270295	addons.xpi	INFO	Mapping e10srollout@mozilla.org to C:\Program Files\Mozilla Firefox\browser\features\e10srollout@mozilla.org.xpi
1505105270295	addons.xpi	INFO	Mapping firefox@getpocket.com to C:\Program Files\Mozilla Firefox\browser\features\firefox@getpocket.com.xpi
1505105270296	addons.xpi	INFO	Mapping followonsearch@mozilla.com to C:\Program Files\Mozilla Firefox\browser\features\followonsearch@mozilla.com.xpi
1505105270296	addons.xpi	INFO	Mapping screenshots@mozilla.org to C:\Program Files\Mozilla Firefox\browser\features\screenshots@mozilla.org.xpi
1505105270296	addons.xpi	INFO	Mapping shield-recipe-client@mozilla.org to C:\Program Files\Mozilla Firefox\browser\features\shield-recipe-client@mozilla.org.xpi
1505105270296	addons.xpi	INFO	Mapping webcompat@mozilla.org to C:\Program Files\Mozilla Firefox\browser\features\webcompat@mozilla.org.xpi
1505105270297	addons.xpi	DEBUG	New add-on aushelper@mozilla.org in app-system-defaults
1505105270297	addons.xpi	INFO	Mapping aushelper@mozilla.org to C:\Program Files\Mozilla Firefox\browser\features\aushelper@mozilla.org.xpi
1505105270298	addons.xpi	DEBUG	New add-on clicktoplay-rollout@mozilla.org in app-system-defaults
1505105270298	addons.xpi	INFO	Mapping clicktoplay-rollout@mozilla.org to C:\Program Files\Mozilla Firefox\browser\features\clicktoplay-rollout@mozilla.org.xpi
1505105270298	addons.xpi	DEBUG	New add-on e10srollout@mozilla.org in app-system-defaults
1505105270299	addons.xpi	INFO	Mapping e10srollout@mozilla.org to C:\Program Files\Mozilla Firefox\browser\features\e10srollout@mozilla.org.xpi
1505105270299	addons.xpi	DEBUG	New add-on firefox@getpocket.com in app-system-defaults
1505105270299	addons.xpi	INFO	Mapping firefox@getpocket.com to C:\Program Files\Mozilla Firefox\browser\features\firefox@getpocket.com.xpi
1505105270300	addons.xpi	DEBUG	New add-on followonsearch@mozilla.com in app-system-defaults
1505105270300	addons.xpi	INFO	Mapping followonsearch@mozilla.com to C:\Program Files\Mozilla Firefox\browser\features\followonsearch@mozilla.com.xpi
1505105270300	addons.xpi	DEBUG	New add-on screenshots@mozilla.org in app-system-defaults
1505105270300	addons.xpi	INFO	Mapping screenshots@mozilla.org to C:\Program Files\Mozilla Firefox\browser\features\screenshots@mozilla.org.xpi
1505105270301	addons.xpi	DEBUG	New add-on shield-recipe-client@mozilla.org in app-system-defaults
1505105270301	addons.xpi	INFO	Mapping shield-recipe-client@mozilla.org to C:\Program Files\Mozilla Firefox\browser\features\shield-recipe-client@mozilla.org.xpi
1505105270301	addons.xpi	DEBUG	New add-on webcompat@mozilla.org in app-system-defaults
1505105270301	addons.xpi	INFO	Mapping webcompat@mozilla.org to C:\Program Files\Mozilla Firefox\browser\features\webcompat@mozilla.org.xpi
1505105270302	addons.xpi	INFO	Mapping {972ce4c6-7e08-4474-a285-3208198ce6fd} to C:\Program Files\Mozilla Firefox\browser\extensions\{972ce4c6-7e08-4474-a285-3208198ce6fd}.xpi
1505105270302	addons.xpi	DEBUG	New add-on {972ce4c6-7e08-4474-a285-3208198ce6fd} in app-global
1505105270303	addons.xpi	INFO	Mapping {972ce4c6-7e08-4474-a285-3208198ce6fd} to C:\Program Files\Mozilla Firefox\browser\extensions\{972ce4c6-7e08-4474-a285-3208198ce6fd}.xpi
1505105270303	addons.xpi	DEBUG	getInstallState changed: true, state: {}
1505105270304	addons.xpi	INFO	SystemAddonInstallLocation directory is missing
1505105270311	addons.xpi-utils	DEBUG	Opening XPI database C:\Users\tomas\AppData\Local\Temp\rust_mozprofile.yeidKiWCOvdF\extensions.json
1505105270313	addons.xpi-utils	DEBUG	New add-on aushelper@mozilla.org installed in app-system-defaults
*** Blocklist::_loadBlocklistFromFile: blocklist is disabled
1505105270340	DeferredSave.extensions.json	DEBUG	Save changes
1505105270341	addons.xpi-utils	DEBUG	New add-on clicktoplay-rollout@mozilla.org installed in app-system-defaults
1505105270344	DeferredSave.extensions.json	DEBUG	Starting timer
1505105270346	DeferredSave.extensions.json	DEBUG	Save changes
1505105270346	addons.xpi-utils	DEBUG	New add-on e10srollout@mozilla.org installed in app-system-defaults
1505105270349	DeferredSave.extensions.json	DEBUG	Save changes
1505105270350	addons.xpi-utils	DEBUG	New add-on firefox@getpocket.com installed in app-system-defaults
1505105270356	DeferredSave.extensions.json	DEBUG	Save changes
1505105270356	addons.xpi-utils	DEBUG	New add-on followonsearch@mozilla.com installed in app-system-defaults
1505105270359	DeferredSave.extensions.json	DEBUG	Save changes
1505105270359	addons.xpi-utils	DEBUG	New add-on screenshots@mozilla.org installed in app-system-defaults
1505105270366	DeferredSave.extensions.json	DEBUG	Save changes
1505105270366	addons.xpi-utils	DEBUG	New add-on shield-recipe-client@mozilla.org installed in app-system-defaults
1505105270371	DeferredSave.extensions.json	DEBUG	Save changes
1505105270371	addons.xpi-utils	DEBUG	New add-on webcompat@mozilla.org installed in app-system-defaults
1505105270374	DeferredSave.extensions.json	DEBUG	Save changes
1505105270374	addons.xpi-utils	DEBUG	New add-on {972ce4c6-7e08-4474-a285-3208198ce6fd} installed in app-global
1505105270377	DeferredSave.extensions.json	DEBUG	Save changes
1505105270378	addons.manager	DEBUG	Registering startup change 'installed' for aushelper@mozilla.org
1505105270387	addons.xpi	DEBUG	Loading bootstrap scope from C:\Program Files\Mozilla Firefox\browser\features\aushelper@mozilla.org.xpi
1505105270390	addons.xpi	DEBUG	Calling bootstrap method install on aushelper@mozilla.org version 2.0
1505105270390	addons.xpi-utils	DEBUG	Make addon app-system-defaults:aushelper@mozilla.org visible
1505105270391	addons.xpi	DEBUG	Updating XPIState for {"id":"aushelper@mozilla.org","syncGUID":"{1bd44fb6-b8fd-435c-b62c-bcb5f6ed5bc2}","location":"app-system-defaults","version":"2.0","type":"extension","internalName":null,"updateURL":null,"updateKey":null,"optionsURL":null,"optionsType":null,"aboutURL":null,"defaultLocale":{"name":"Application Update Service Helper","description":"Sets value(s) in the update url based on custom checks.","creator":null,"homepageURL":null},"visible":true,"active":false,"userDisabled":false,"appDisabled":false,"installDate":1504109966810,"updateDate":1504109966810,"applyBackgroundUpdates":1,"bootstrap":true,"path":"C:\\Program Files\\Mozilla Firefox\\browser\\features\\aushelper@mozilla.org.xpi","skinnable":false,"size":8488,"sourceURI":null,"releaseNotesURI":null,"softDisabled":false,"foreignInstall":false,"hasBinaryComponents":false,"strictCompatibility":false,"locales":[],"targetApplications":[{"id":"{ec8030f7-c20a-464f-9b0e-13a3a9e97384}","minVersion":"55.0.3","maxVersion":"55.*"}],"targetPlatforms":[],"multiprocessCompatible":true,"seen":true,"dependencies":[],"hasEmbeddedWebExtension":false,"mpcOptedOut":false,"userPermissions":null,"icons":{},"iconURL":null,"icon64URL":null}
1505105270414	DeferredSave.extensions.json	DEBUG	Save changes
1505105270414	addons.manager	DEBUG	Registering startup change 'installed' for clicktoplay-rollout@mozilla.org
1505105270415	addons.xpi	DEBUG	Loading bootstrap scope from C:\Program Files\Mozilla Firefox\browser\features\clicktoplay-rollout@mozilla.org.xpi
1505105270428	addons.xpi	DEBUG	Calling bootstrap method install on clicktoplay-rollout@mozilla.org version 1.2
1505105270428	addons.xpi-utils	DEBUG	Make addon app-system-defaults:clicktoplay-rollout@mozilla.org visible
1505105270428	addons.xpi	DEBUG	Updating XPIState for {"id":"clicktoplay-rollout@mozilla.org","syncGUID":"{48cbd5cc-2f8c-4bdf-857a-669b56646587}","location":"app-system-defaults","version":"1.2","type":"extension","internalName":null,"updateURL":null,"updateKey":null,"optionsURL":null,"optionsType":null,"aboutURL":null,"defaultLocale":{"name":"Click-to-Play staged rollout","description":"Staged rollout for Click-to-Play Flash.","creator":null,"homepageURL":null},"visible":true,"active":false,"userDisabled":false,"appDisabled":false,"installDate":1504109966793,"updateDate":1504109966793,"applyBackgroundUpdates":1,"bootstrap":true,"path":"C:\\Program Files\\Mozilla Firefox\\browser\\features\\clicktoplay-rollout@mozilla.org.xpi","skinnable":false,"size":5621,"sourceURI":null,"releaseNotesURI":null,"softDisabled":false,"foreignInstall":false,"hasBinaryComponents":false,"strictCompatibility":false,"locales":[],"targetApplications":[{"id":"{ec8030f7-c20a-464f-9b0e-13a3a9e97384}","minVersion":"55.0.3","maxVersion":"55.*"}],"targetPlatforms":[],"multiprocessCompatible":true,"seen":true,"dependencies":[],"hasEmbeddedWebExtension":false,"mpcOptedOut":false,"userPermissions":null,"icons":{},"iconURL":null,"icon64URL":null}
1505105270429	DeferredSave.extensions.json	DEBUG	Save changes
1505105270429	addons.manager	DEBUG	Registering startup change 'installed' for e10srollout@mozilla.org
1505105270429	addons.xpi	DEBUG	Loading bootstrap scope from C:\Program Files\Mozilla Firefox\browser\features\e10srollout@mozilla.org.xpi
1505105270431	addons.xpi	DEBUG	Calling bootstrap method install on e10srollout@mozilla.org version 2.0
1505105270433	addons.xpi-utils	DEBUG	Make addon app-system-defaults:e10srollout@mozilla.org visible
1505105270433	addons.xpi	DEBUG	Updating XPIState for {"id":"e10srollout@mozilla.org","syncGUID":"{0b140e44-0b81-4756-8c19-744c9e190364}","location":"app-system-defaults","version":"2.0","type":"extension","internalName":null,"updateURL":null,"updateKey":null,"optionsURL":null,"optionsType":null,"aboutURL":null,"defaultLocale":{"name":"Multi-process staged rollout","description":"Staged rollout of Firefox multi-process feature.","creator":null,"homepageURL":null},"visible":true,"active":false,"userDisabled":false,"appDisabled":false,"installDate":1504109966733,"updateDate":1504109966733,"applyBackgroundUpdates":1,"bootstrap":true,"path":"C:\\Program Files\\Mozilla Firefox\\browser\\features\\e10srollout@mozilla.org.xpi","skinnable":false,"size":13287,"sourceURI":null,"releaseNotesURI":null,"softDisabled":false,"foreignInstall":false,"hasBinaryComponents":false,"strictCompatibility":false,"locales":[],"targetApplications":[{"id":"{ec8030f7-c20a-464f-9b0e-13a3a9e97384}","minVersion":"55.0.3","maxVersion":"55.*"}],"targetPlatforms":[],"multiprocessCompatible":true,"seen":true,"dependencies":[],"hasEmbeddedWebExtension":false,"mpcOptedOut":false,"userPermissions":null,"icons":{},"iconURL":null,"icon64URL":null}
1505105270433	DeferredSave.extensions.json	DEBUG	Save changes
1505105270434	addons.manager	DEBUG	Registering startup change 'installed' for firefox@getpocket.com
1505105270434	addons.xpi	DEBUG	Loading bootstrap scope from C:\Program Files\Mozilla Firefox\browser\features\firefox@getpocket.com.xpi
1505105270441	addons.xpi	DEBUG	Calling bootstrap method install on firefox@getpocket.com version 1.0.5
1505105270441	addons.xpi-utils	DEBUG	Make addon app-system-defaults:firefox@getpocket.com visible
1505105270441	addons.xpi	DEBUG	Updating XPIState for {"id":"firefox@getpocket.com","syncGUID":"{4e3e8a93-70b6-4431-8dfe-8f53c549e5a1}","location":"app-system-defaults","version":"1.0.5","type":"extension","internalName":null,"updateURL":null,"updateKey":null,"optionsURL":null,"optionsType":null,"aboutURL":null,"defaultLocale":{"name":"Pocket","description":"When you find something you want to view later, put it in Pocket.","creator":null,"homepageURL":null},"visible":true,"active":false,"userDisabled":false,"appDisabled":false,"installDate":1504109966717,"updateDate":1504109966717,"applyBackgroundUpdates":1,"bootstrap":true,"path":"C:\\Program Files\\Mozilla Firefox\\browser\\features\\firefox@getpocket.com.xpi","skinnable":false,"size":863236,"sourceURI":null,"releaseNotesURI":null,"softDisabled":false,"foreignInstall":false,"hasBinaryComponents":false,"strictCompatibility":false,"locales":[],"targetApplications":[{"id":"{ec8030f7-c20a-464f-9b0e-13a3a9e97384}","minVersion":"55.0.3","maxVersion":"55.*"}],"targetPlatforms":[],"multiprocessCompatible":true,"seen":true,"dependencies":[],"hasEmbeddedWebExtension":false,"mpcOptedOut":false,"userPermissions":null,"icons":{},"iconURL":null,"icon64URL":null}
1505105270442	DeferredSave.extensions.json	DEBUG	Save changes
1505105270442	addons.manager	DEBUG	Registering startup change 'installed' for followonsearch@mozilla.com
1505105270443	addons.xpi	DEBUG	Loading bootstrap scope from C:\Program Files\Mozilla Firefox\browser\features\followonsearch@mozilla.com.xpi
1505105270445	addons.xpi	DEBUG	Calling bootstrap method install on followonsearch@mozilla.com version 0.9.1
1505105270445	addons.xpi-utils	DEBUG	Make addon app-system-defaults:followonsearch@mozilla.com visible
1505105270445	addons.xpi	DEBUG	Updating XPIState for {"id":"followonsearch@mozilla.com","syncGUID":"{7167d14a-98f1-4dfe-9aa9-907264cfc00a}","location":"app-system-defaults","version":"0.9.1","type":"extension","internalName":null,"updateURL":null,"updateKey":null,"optionsURL":null,"optionsType":null,"aboutURL":null,"defaultLocale":{"name":"Follow-on Search Telemetry","description":null,"creator":null,"homepageURL":null},"visible":true,"active":false,"userDisabled":false,"appDisabled":false,"installDate":1502837975009,"updateDate":1502837975009,"applyBackgroundUpdates":1,"bootstrap":true,"path":"C:\\Program Files\\Mozilla Firefox\\browser\\features\\followonsearch@mozilla.com.xpi","skinnable":false,"size":16730,"sourceURI":null,"releaseNotesURI":null,"softDisabled":false,"foreignInstall":false,"hasBinaryComponents":false,"strictCompatibility":false,"locales":[],"targetApplications":[{"id":"{ec8030f7-c20a-464f-9b0e-13a3a9e97384}","minVersion":"52.0","maxVersion":"59.*"}],"targetPlatforms":[],"multiprocessCompatible":true,"seen":true,"dependencies":[],"hasEmbeddedWebExtension":false,"mpcOptedOut":false,"userPermissions":null,"icons":{},"iconURL":null,"icon64URL":null}
1505105270446	DeferredSave.extensions.json	DEBUG	Save changes
1505105270446	addons.manager	DEBUG	Registering startup change 'installed' for screenshots@mozilla.org
1505105270446	addons.xpi	DEBUG	Loading bootstrap scope from C:\Program Files\Mozilla Firefox\browser\features\screenshots@mozilla.org.xpi
1505105270449	addons.xpi	DEBUG	Calling bootstrap method install on screenshots@mozilla.org version 10.12.0
1505105270449	addons.xpi-utils	DEBUG	Make addon app-system-defaults:screenshots@mozilla.org visible
1505105270449	addons.xpi	DEBUG	Updating XPIState for {"id":"screenshots@mozilla.org","syncGUID":"{e32712ca-4fba-4bcb-addb-49af07887524}","location":"app-system-defaults","version":"10.12.0","type":"extension","internalName":null,"updateURL":null,"updateKey":null,"optionsURL":null,"optionsType":null,"aboutURL":null,"defaultLocale":{"name":"Firefox Screenshots","description":null,"creator":null,"homepageURL":"https://pageshot.net/"},"visible":true,"active":false,"userDisabled":false,"appDisabled":false,"installDate":1504109966601,"updateDate":1504109966601,"applyBackgroundUpdates":1,"bootstrap":true,"path":"C:\\Program Files\\Mozilla Firefox\\browser\\features\\screenshots@mozilla.org.xpi","skinnable":false,"size":714554,"sourceURI":null,"releaseNotesURI":null,"softDisabled":false,"foreignInstall":false,"hasBinaryComponents":false,"strictCompatibility":false,"locales":[],"targetApplications":[{"id":"{ec8030f7-c20a-464f-9b0e-13a3a9e97384}","minVersion":"51.0a1","maxVersion":"*"}],"targetPlatforms":[],"multiprocessCompatible":true,"seen":true,"dependencies":[],"hasEmbeddedWebExtension":false,"mpcOptedOut":false,"userPermissions":null,"icons":{},"iconURL":null,"icon64URL":null}
1505105270450	DeferredSave.extensions.json	DEBUG	Save changes
1505105270450	addons.manager	DEBUG	Registering startup change 'installed' for shield-recipe-client@mozilla.org
1505105270450	addons.xpi	DEBUG	Loading bootstrap scope from C:\Program Files\Mozilla Firefox\browser\features\shield-recipe-client@mozilla.org.xpi
1505105270452	addons.xpi	DEBUG	Calling bootstrap method install on shield-recipe-client@mozilla.org version 55.1
1505105270453	addons.xpi-utils	DEBUG	Make addon app-system-defaults:shield-recipe-client@mozilla.org visible
1505105270454	addons.xpi	DEBUG	Updating XPIState for {"id":"shield-recipe-client@mozilla.org","syncGUID":"{cfb6d18b-542e-4d81-843c-7162d206ea8a}","location":"app-system-defaults","version":"55.1","type":"extension","internalName":null,"updateURL":null,"updateKey":null,"optionsURL":null,"optionsType":null,"aboutURL":null,"defaultLocale":{"name":"Shield Recipe Client","description":"Client to download and run recipes for SHIELD, Heartbeat, etc.","creator":null,"homepageURL":null},"visible":true,"active":false,"userDisabled":false,"appDisabled":false,"installDate":1504109966467,"updateDate":1504109966467,"applyBackgroundUpdates":1,"bootstrap":true,"path":"C:\\Program Files\\Mozilla Firefox\\browser\\features\\shield-recipe-client@mozilla.org.xpi","skinnable":false,"size":140305,"sourceURI":null,"releaseNotesURI":null,"softDisabled":false,"foreignInstall":false,"hasBinaryComponents":false,"strictCompatibility":false,"locales":[],"targetApplications":[{"id":"{ec8030f7-c20a-464f-9b0e-13a3a9e97384}","minVersion":"55.0.3","maxVersion":"55.*"}],"targetPlatforms":[],"multiprocessCompatible":true,"seen":true,"dependencies":[],"hasEmbeddedWebExtension":false,"mpcOptedOut":false,"userPermissions":null,"icons":{},"iconURL":null,"icon64URL":null}
1505105270454	DeferredSave.extensions.json	DEBUG	Save changes
1505105270455	addons.manager	DEBUG	Registering startup change 'installed' for webcompat@mozilla.org
1505105270455	addons.xpi	DEBUG	Loading bootstrap scope from C:\Program Files\Mozilla Firefox\browser\features\webcompat@mozilla.org.xpi
1505105270458	addons.xpi	DEBUG	Calling bootstrap method install on webcompat@mozilla.org version 1.1
1505105270458	addons.xpi-utils	DEBUG	Make addon app-system-defaults:webcompat@mozilla.org visible
1505105270458	addons.xpi	DEBUG	Updating XPIState for {"id":"webcompat@mozilla.org","syncGUID":"{a3ba2a70-7ae7-41cc-835d-70b6a7018a27}","location":"app-system-defaults","version":"1.1","type":"extension","internalName":null,"updateURL":null,"updateKey":null,"optionsURL":null,"optionsType":null,"aboutURL":null,"defaultLocale":{"name":"Web Compat","description":"Urgent post-release fixes for web compatibility.","creator":null,"homepageURL":null},"visible":true,"active":false,"userDisabled":false,"appDisabled":false,"installDate":1504109966435,"updateDate":1504109966435,"applyBackgroundUpdates":1,"bootstrap":true,"path":"C:\\Program Files\\Mozilla Firefox\\browser\\features\\webcompat@mozilla.org.xpi","skinnable":false,"size":8992,"sourceURI":null,"releaseNotesURI":null,"softDisabled":false,"foreignInstall":false,"hasBinaryComponents":false,"strictCompatibility":false,"locales":[],"targetApplications":[{"id":"{ec8030f7-c20a-464f-9b0e-13a3a9e97384}","minVersion":"55.0.3","maxVersion":"55.*"}],"targetPlatforms":[],"multiprocessCompatible":true,"seen":true,"dependencies":[],"hasEmbeddedWebExtension":false,"mpcOptedOut":false,"userPermissions":null,"icons":{},"iconURL":null,"icon64URL":null}
1505105270459	DeferredSave.extensions.json	DEBUG	Save changes
1505105270459	addons.xpi-utils	DEBUG	Make addon app-global:{972ce4c6-7e08-4474-a285-3208198ce6fd} visible
1505105270459	addons.xpi	DEBUG	Updating XPIState for {"id":"{972ce4c6-7e08-4474-a285-3208198ce6fd}","syncGUID":"{857a24eb-a9f9-42ef-9d6e-43569b1765c1}","location":"app-global","version":"55.0.3","type":"theme","internalName":"classic/1.0","updateURL":null,"updateKey":null,"optionsURL":null,"optionsType":null,"optionsBrowserStyle":null,"aboutURL":null,"defaultLocale":{"name":"Default","description":"The default theme.","creator":"Mozilla","homepageURL":null,"contributors":["Mozilla Contributors"]},"visible":true,"active":false,"userDisabled":false,"appDisabled":false,"installDate":1504109966820,"updateDate":1504109966820,"applyBackgroundUpdates":1,"path":"C:\\Program Files\\Mozilla Firefox\\browser\\extensions\\{972ce4c6-7e08-4474-a285-3208198ce6fd}.xpi","skinnable":true,"size":7559,"sourceURI":null,"releaseNotesURI":null,"softDisabled":false,"foreignInstall":false,"hasBinaryComponents":false,"strictCompatibility":true,"locales":[],"targetApplications":[{"id":"{ec8030f7-c20a-464f-9b0e-13a3a9e97384}","minVersion":"55.0.3","maxVersion":"55.0.3"}],"targetPlatforms":[],"seen":true,"dependencies":[],"hasEmbeddedWebExtension":false,"userPermissions":null,"icons":{},"iconURL":"chrome://browser/content/default-theme-icon.svg","icon64URL":null}
1505105270460	DeferredSave.extensions.json	DEBUG	Save changes
1505105270460	addons.xpi	DEBUG	Updating XPIState for {"id":"aushelper@mozilla.org","syncGUID":"{1bd44fb6-b8fd-435c-b62c-bcb5f6ed5bc2}","location":"app-system-defaults","version":"2.0","type":"extension","internalName":null,"updateURL":null,"updateKey":null,"optionsURL":null,"optionsType":null,"aboutURL":null,"defaultLocale":{"name":"Application Update Service Helper","description":"Sets value(s) in the update url based on custom checks.","creator":null,"homepageURL":null},"visible":true,"active":true,"userDisabled":false,"appDisabled":false,"installDate":1504109966810,"updateDate":1504109966810,"applyBackgroundUpdates":1,"bootstrap":true,"path":"C:\\Program Files\\Mozilla Firefox\\browser\\features\\aushelper@mozilla.org.xpi","skinnable":false,"size":8488,"sourceURI":null,"releaseNotesURI":null,"softDisabled":false,"foreignInstall":false,"hasBinaryComponents":false,"strictCompatibility":false,"locales":[],"targetApplications":[{"id":"{ec8030f7-c20a-464f-9b0e-13a3a9e97384}","minVersion":"55.0.3","maxVersion":"55.*"}],"targetPlatforms":[],"multiprocessCompatible":true,"seen":true,"dependencies":[],"hasEmbeddedWebExtension":false,"mpcOptedOut":false,"userPermissions":null,"icons":{},"iconURL":null,"icon64URL":null}
1505105270460	addons.xpi	DEBUG	Updating XPIState for {"id":"clicktoplay-rollout@mozilla.org","syncGUID":"{48cbd5cc-2f8c-4bdf-857a-669b56646587}","location":"app-system-defaults","version":"1.2","type":"extension","internalName":null,"updateURL":null,"updateKey":null,"optionsURL":null,"optionsType":null,"aboutURL":null,"defaultLocale":{"name":"Click-to-Play staged rollout","description":"Staged rollout for Click-to-Play Flash.","creator":null,"homepageURL":null},"visible":true,"active":true,"userDisabled":false,"appDisabled":false,"installDate":1504109966793,"updateDate":1504109966793,"applyBackgroundUpdates":1,"bootstrap":true,"path":"C:\\Program Files\\Mozilla Firefox\\browser\\features\\clicktoplay-rollout@mozilla.org.xpi","skinnable":false,"size":5621,"sourceURI":null,"releaseNotesURI":null,"softDisabled":false,"foreignInstall":false,"hasBinaryComponents":false,"strictCompatibility":false,"locales":[],"targetApplications":[{"id":"{ec8030f7-c20a-464f-9b0e-13a3a9e97384}","minVersion":"55.0.3","maxVersion":"55.*"}],"targetPlatforms":[],"multiprocessCompatible":true,"seen":true,"dependencies":[],"hasEmbeddedWebExtension":false,"mpcOptedOut":false,"userPermissions":null,"icons":{},"iconURL":null,"icon64URL":null}
1505105270460	addons.xpi	DEBUG	Updating XPIState for {"id":"e10srollout@mozilla.org","syncGUID":"{0b140e44-0b81-4756-8c19-744c9e190364}","location":"app-system-defaults","version":"2.0","type":"extension","internalName":null,"updateURL":null,"updateKey":null,"optionsURL":null,"optionsType":null,"aboutURL":null,"defaultLocale":{"name":"Multi-process staged rollout","description":"Staged rollout of Firefox multi-process feature.","creator":null,"homepageURL":null},"visible":true,"active":true,"userDisabled":false,"appDisabled":false,"installDate":1504109966733,"updateDate":1504109966733,"applyBackgroundUpdates":1,"bootstrap":true,"path":"C:\\Program Files\\Mozilla Firefox\\browser\\features\\e10srollout@mozilla.org.xpi","skinnable":false,"size":13287,"sourceURI":null,"releaseNotesURI":null,"softDisabled":false,"foreignInstall":false,"hasBinaryComponents":false,"strictCompatibility":false,"locales":[],"targetApplications":[{"id":"{ec8030f7-c20a-464f-9b0e-13a3a9e97384}","minVersion":"55.0.3","maxVersion":"55.*"}],"targetPlatforms":[],"multiprocessCompatible":true,"seen":true,"dependencies":[],"hasEmbeddedWebExtension":false,"mpcOptedOut":false,"userPermissions":null,"icons":{},"iconURL":null,"icon64URL":null}
1505105270461	addons.xpi	DEBUG	Updating XPIState for {"id":"firefox@getpocket.com","syncGUID":"{4e3e8a93-70b6-4431-8dfe-8f53c549e5a1}","location":"app-system-defaults","version":"1.0.5","type":"extension","internalName":null,"updateURL":null,"updateKey":null,"optionsURL":null,"optionsType":null,"aboutURL":null,"defaultLocale":{"name":"Pocket","description":"When you find something you want to view later, put it in Pocket.","creator":null,"homepageURL":null},"visible":true,"active":true,"userDisabled":false,"appDisabled":false,"installDate":1504109966717,"updateDate":1504109966717,"applyBackgroundUpdates":1,"bootstrap":true,"path":"C:\\Program Files\\Mozilla Firefox\\browser\\features\\firefox@getpocket.com.xpi","skinnable":false,"size":863236,"sourceURI":null,"releaseNotesURI":null,"softDisabled":false,"foreignInstall":false,"hasBinaryComponents":false,"strictCompatibility":false,"locales":[],"targetApplications":[{"id":"{ec8030f7-c20a-464f-9b0e-13a3a9e97384}","minVersion":"55.0.3","maxVersion":"55.*"}],"targetPlatforms":[],"multiprocessCompatible":true,"seen":true,"dependencies":[],"hasEmbeddedWebExtension":false,"mpcOptedOut":false,"userPermissions":null,"icons":{},"iconURL":null,"icon64URL":null}
1505105270461	addons.xpi	DEBUG	Updating XPIState for {"id":"followonsearch@mozilla.com","syncGUID":"{7167d14a-98f1-4dfe-9aa9-907264cfc00a}","location":"app-system-defaults","version":"0.9.1","type":"extension","internalName":null,"updateURL":null,"updateKey":null,"optionsURL":null,"optionsType":null,"aboutURL":null,"defaultLocale":{"name":"Follow-on Search Telemetry","description":null,"creator":null,"homepageURL":null},"visible":true,"active":true,"userDisabled":false,"appDisabled":false,"installDate":1502837975009,"updateDate":1502837975009,"applyBackgroundUpdates":1,"bootstrap":true,"path":"C:\\Program Files\\Mozilla Firefox\\browser\\features\\followonsearch@mozilla.com.xpi","skinnable":false,"size":16730,"sourceURI":null,"releaseNotesURI":null,"softDisabled":false,"foreignInstall":false,"hasBinaryComponents":false,"strictCompatibility":false,"locales":[],"targetApplications":[{"id":"{ec8030f7-c20a-464f-9b0e-13a3a9e97384}","minVersion":"52.0","maxVersion":"59.*"}],"targetPlatforms":[],"multiprocessCompatible":true,"seen":true,"dependencies":[],"hasEmbeddedWebExtension":false,"mpcOptedOut":false,"userPermissions":null,"icons":{},"iconURL":null,"icon64URL":null}
1505105270462	addons.xpi	DEBUG	Updating XPIState for {"id":"screenshots@mozilla.org","syncGUID":"{e32712ca-4fba-4bcb-addb-49af07887524}","location":"app-system-defaults","version":"10.12.0","type":"extension","internalName":null,"updateURL":null,"updateKey":null,"optionsURL":null,"optionsType":null,"aboutURL":null,"defaultLocale":{"name":"Firefox Screenshots","description":null,"creator":null,"homepageURL":"https://pageshot.net/"},"visible":true,"active":true,"userDisabled":false,"appDisabled":false,"installDate":1504109966601,"updateDate":1504109966601,"applyBackgroundUpdates":1,"bootstrap":true,"path":"C:\\Program Files\\Mozilla Firefox\\browser\\features\\screenshots@mozilla.org.xpi","skinnable":false,"size":714554,"sourceURI":null,"releaseNotesURI":null,"softDisabled":false,"foreignInstall":false,"hasBinaryComponents":false,"strictCompatibility":false,"locales":[],"targetApplications":[{"id":"{ec8030f7-c20a-464f-9b0e-13a3a9e97384}","minVersion":"51.0a1","maxVersion":"*"}],"targetPlatforms":[],"multiprocessCompatible":true,"seen":true,"dependencies":[],"hasEmbeddedWebExtension":false,"mpcOptedOut":false,"userPermissions":null,"icons":{},"iconURL":null,"icon64URL":null}
1505105270462	addons.xpi	DEBUG	Updating XPIState for {"id":"shield-recipe-client@mozilla.org","syncGUID":"{cfb6d18b-542e-4d81-843c-7162d206ea8a}","location":"app-system-defaults","version":"55.1","type":"extension","internalName":null,"updateURL":null,"updateKey":null,"optionsURL":null,"optionsType":null,"aboutURL":null,"defaultLocale":{"name":"Shield Recipe Client","description":"Client to download and run recipes for SHIELD, Heartbeat, etc.","creator":null,"homepageURL":null},"visible":true,"active":true,"userDisabled":false,"appDisabled":false,"installDate":1504109966467,"updateDate":1504109966467,"applyBackgroundUpdates":1,"bootstrap":true,"path":"C:\\Program Files\\Mozilla Firefox\\browser\\features\\shield-recipe-client@mozilla.org.xpi","skinnable":false,"size":140305,"sourceURI":null,"releaseNotesURI":null,"softDisabled":false,"foreignInstall":false,"hasBinaryComponents":false,"strictCompatibility":false,"locales":[],"targetApplications":[{"id":"{ec8030f7-c20a-464f-9b0e-13a3a9e97384}","minVersion":"55.0.3","maxVersion":"55.*"}],"targetPlatforms":[],"multiprocessCompatible":true,"seen":true,"dependencies":[],"hasEmbeddedWebExtension":false,"mpcOptedOut":false,"userPermissions":null,"icons":{},"iconURL":null,"icon64URL":null}
1505105270462	addons.xpi	DEBUG	Updating XPIState for {"id":"webcompat@mozilla.org","syncGUID":"{a3ba2a70-7ae7-41cc-835d-70b6a7018a27}","location":"app-system-defaults","version":"1.1","type":"extension","internalName":null,"updateURL":null,"updateKey":null,"optionsURL":null,"optionsType":null,"aboutURL":null,"defaultLocale":{"name":"Web Compat","description":"Urgent post-release fixes for web compatibility.","creator":null,"homepageURL":null},"visible":true,"active":true,"userDisabled":false,"appDisabled":false,"installDate":1504109966435,"updateDate":1504109966435,"applyBackgroundUpdates":1,"bootstrap":true,"path":"C:\\Program Files\\Mozilla Firefox\\browser\\features\\webcompat@mozilla.org.xpi","skinnable":false,"size":8992,"sourceURI":null,"releaseNotesURI":null,"softDisabled":false,"foreignInstall":false,"hasBinaryComponents":false,"strictCompatibility":false,"locales":[],"targetApplications":[{"id":"{ec8030f7-c20a-464f-9b0e-13a3a9e97384}","minVersion":"55.0.3","maxVersion":"55.*"}],"targetPlatforms":[],"multiprocessCompatible":true,"seen":true,"dependencies":[],"hasEmbeddedWebExtension":false,"mpcOptedOut":false,"userPermissions":null,"icons":{},"iconURL":null,"icon64URL":null}
1505105270462	addons.xpi	DEBUG	Updating XPIState for {"id":"{972ce4c6-7e08-4474-a285-3208198ce6fd}","syncGUID":"{857a24eb-a9f9-42ef-9d6e-43569b1765c1}","location":"app-global","version":"55.0.3","type":"theme","internalName":"classic/1.0","updateURL":null,"updateKey":null,"optionsURL":null,"optionsType":null,"optionsBrowserStyle":null,"aboutURL":null,"defaultLocale":{"name":"Default","description":"The default theme.","creator":"Mozilla","homepageURL":null,"contributors":["Mozilla Contributors"]},"visible":true,"active":true,"userDisabled":false,"appDisabled":false,"installDate":1504109966820,"updateDate":1504109966820,"applyBackgroundUpdates":1,"path":"C:\\Program Files\\Mozilla Firefox\\browser\\extensions\\{972ce4c6-7e08-4474-a285-3208198ce6fd}.xpi","skinnable":true,"size":7559,"sourceURI":null,"releaseNotesURI":null,"softDisabled":false,"foreignInstall":false,"hasBinaryComponents":false,"strictCompatibility":true,"locales":[],"targetApplications":[{"id":"{ec8030f7-c20a-464f-9b0e-13a3a9e97384}","minVersion":"55.0.3","maxVersion":"55.0.3"}],"targetPlatforms":[],"seen":true,"dependencies":[],"hasEmbeddedWebExtension":false,"userPermissions":null,"icons":{},"iconURL":"chrome://browser/content/default-theme-icon.svg","icon64URL":null}
1505105270463	DeferredSave.extensions.json	DEBUG	Save changes
1505105270463	addons.xpi	DEBUG	Updating database with changes to installed add-ons
1505105270463	addons.xpi-utils	DEBUG	Updating add-on states
1505105270468	addons.xpi	DEBUG	Registering manifest for C:\Program Files\Mozilla Firefox\browser\features\aushelper@mozilla.org.xpi
1505105270469	addons.xpi	DEBUG	Calling bootstrap method startup on aushelper@mozilla.org version 2.0
1505105270472	addons.xpi	DEBUG	Registering manifest for C:\Program Files\Mozilla Firefox\browser\features\clicktoplay-rollout@mozilla.org.xpi
1505105270473	addons.xpi	DEBUG	Calling bootstrap method startup on clicktoplay-rollout@mozilla.org version 1.2
1505105270663	addons.xpi	DEBUG	Registering manifest for C:\Program Files\Mozilla Firefox\browser\features\e10srollout@mozilla.org.xpi
1505105270663	addons.xpi	DEBUG	Calling bootstrap method startup on e10srollout@mozilla.org version 2.0
1505105270664	addons.xpi	DEBUG	Registering manifest for C:\Program Files\Mozilla Firefox\browser\features\firefox@getpocket.com.xpi
1505105270664	addons.xpi	DEBUG	Calling bootstrap method startup on firefox@getpocket.com version 1.0.5
1505105270705	addons.xpi	DEBUG	Registering manifest for C:\Program Files\Mozilla Firefox\browser\features\followonsearch@mozilla.com.xpi
1505105270706	addons.xpi	DEBUG	Calling bootstrap method startup on followonsearch@mozilla.com version 0.9.1
1505105270707	addons.xpi	DEBUG	Registering manifest for C:\Program Files\Mozilla Firefox\browser\features\screenshots@mozilla.org.xpi
1505105270708	addons.xpi	DEBUG	Calling bootstrap method startup on screenshots@mozilla.org version 10.12.0
1505105270709	addons.xpi	DEBUG	Registering manifest for C:\Program Files\Mozilla Firefox\browser\features\shield-recipe-client@mozilla.org.xpi
1505105270709	addons.xpi	DEBUG	Calling bootstrap method startup on shield-recipe-client@mozilla.org version 55.1
1505105270719	addons.xpi	DEBUG	Registering manifest for C:\Program Files\Mozilla Firefox\browser\features\webcompat@mozilla.org.xpi
1505105270720	addons.xpi	DEBUG	Calling bootstrap method startup on webcompat@mozilla.org version 1.1
1505105270730	addons.manager	DEBUG	Registering shutdown blocker for XPIProvider
1505105270730	addons.manager	DEBUG	Provider finished startup: XPIProvider
1505105270730	addons.manager	DEBUG	Starting provider: LightweightThemeManager
1505105270730	addons.manager	DEBUG	Registering shutdown blocker for LightweightThemeManager
1505105270730	addons.manager	DEBUG	Provider finished startup: LightweightThemeManager
1505105270731	addons.manager	DEBUG	Starting provider: GMPProvider
1505105270735	addons.manager	DEBUG	Registering shutdown blocker for GMPProvider
1505105270736	addons.manager	DEBUG	Provider finished startup: GMPProvider
1505105270736	addons.manager	DEBUG	Starting provider: PluginProvider
1505105270736	addons.manager	DEBUG	Registering shutdown blocker for PluginProvider
1505105270737	addons.manager	DEBUG	Provider finished startup: PluginProvider
1505105270739	addons.manager	DEBUG	Completed startup sequence
1505105271198	Marionette	INFO	Enabled via --marionette
1505105271802	addons.manager	DEBUG	Starting provider: PreviousExperimentProvider
1505105271802	addons.manager	DEBUG	Registering shutdown blocker for PreviousExperimentProvider
1505105271803	addons.manager	DEBUG	Provider finished startup: PreviousExperimentProvider
1505105271804	DeferredSave.extensions.json	DEBUG	Starting write
1505105272310	DeferredSave.extensions.json	DEBUG	Write succeeded
1505105272310	addons.xpi-utils	DEBUG	XPI Database saved, setting schema version preference to 21
Unable to read VR Path Registry from C:\Users\tomas\AppData\Local\openvr\openvrpaths.vrpath
[Child 5448] WARNING: pipe error: 109: file c:/builds/moz2_slave/m-rel-w64-00000000000000000000/build/src/ipc/chromium/src/chrome/common/ipc_channel_win.cc, line 346
[Child 5448] WARNING: pipe error: 109: file c:/builds/moz2_slave/m-rel-w64-00000000000000000000/build/src/ipc/chromium/src/chrome/common/ipc_channel_win.cc, line 346
1505105274314	addons.manager	DEBUG	Starting provider: <unnamed-provider>
1505105274314	addons.manager	DEBUG	Registering shutdown blocker for <unnamed-provider>
1505105274315	addons.manager	DEBUG	Provider finished startup: <unnamed-provider>
1505105274319	addons.xpi	INFO	Mapping aushelper@mozilla.org to C:\Program Files\Mozilla Firefox\browser\features\aushelper@mozilla.org.xpi
1505105274320	addons.xpi	INFO	Mapping clicktoplay-rollout@mozilla.org to C:\Program Files\Mozilla Firefox\browser\features\clicktoplay-rollout@mozilla.org.xpi
1505105274320	addons.xpi	INFO	Mapping e10srollout@mozilla.org to C:\Program Files\Mozilla Firefox\browser\features\e10srollout@mozilla.org.xpi
1505105274320	addons.xpi	INFO	Mapping firefox@getpocket.com to C:\Program Files\Mozilla Firefox\browser\features\firefox@getpocket.com.xpi
1505105274320	addons.xpi	INFO	Mapping followonsearch@mozilla.com to C:\Program Files\Mozilla Firefox\browser\features\followonsearch@mozilla.com.xpi
1505105274320	addons.xpi	INFO	Mapping screenshots@mozilla.org to C:\Program Files\Mozilla Firefox\browser\features\screenshots@mozilla.org.xpi
1505105274320	addons.xpi	INFO	Mapping shield-recipe-client@mozilla.org to C:\Program Files\Mozilla Firefox\browser\features\shield-recipe-client@mozilla.org.xpi
1505105274321	addons.xpi	INFO	Mapping webcompat@mozilla.org to C:\Program Files\Mozilla Firefox\browser\features\webcompat@mozilla.org.xpi
1505105274321	addons.xpi	DEBUG	Existing add-on aushelper@mozilla.org in app-system-defaults
1505105274322	addons.xpi	DEBUG	Existing add-on clicktoplay-rollout@mozilla.org in app-system-defaults
1505105274322	addons.xpi	DEBUG	Existing add-on e10srollout@mozilla.org in app-system-defaults
1505105274322	addons.xpi	DEBUG	Existing add-on firefox@getpocket.com in app-system-defaults
1505105274322	addons.xpi	DEBUG	Existing add-on followonsearch@mozilla.com in app-system-defaults
1505105274323	addons.xpi	DEBUG	Existing add-on screenshots@mozilla.org in app-system-defaults
1505105274323	addons.xpi	DEBUG	Existing add-on shield-recipe-client@mozilla.org in app-system-defaults
1505105274323	addons.xpi	DEBUG	Existing add-on webcompat@mozilla.org in app-system-defaults
1505105274323	addons.xpi	INFO	Mapping {972ce4c6-7e08-4474-a285-3208198ce6fd} to C:\Program Files\Mozilla Firefox\browser\extensions\{972ce4c6-7e08-4474-a285-3208198ce6fd}.xpi
1505105274324	addons.xpi	DEBUG	Existing add-on {972ce4c6-7e08-4474-a285-3208198ce6fd} in app-global
1505105274324	addons.xpi	DEBUG	getInstallState changed: false, state: {}
1505105274418	addons.productaddons	INFO	sending request to: https://aus5.mozilla.org/update/3/GMP/55.0.3/20170824053622/WINNT_x86_64-msvc-x64/es-ES/release/Windows_NT%2010.0.0.0%20(x64)/default/default/update.xml
1505105275445	Marionette	INFO	Listening on port 56092
1505105275610	Marionette	INFO	Listening on port 56092
1505105275801	Marionette	WARN	TLS certificate errors will be ignored for this session
1505105275844	Marionette	DEBUG	loaded listener.js
1505105275877	Marionette	DEBUG	Received DOM event "beforeunload" for "about:blank"
1505105276345	addons.productaddons	INFO	Completed downloading document
1505105276432	Marionette	DEBUG	Received DOM event "pagehide" for "about:blank"
1505105276432	Marionette	DEBUG	Received DOM event "unload" for "about:blank"
1505105277034	Marionette	DEBUG	Received DOM event "DOMContentLoaded" for "https://www.u-cursos.cl/"
1505105277046	addons.productaddons	INFO	downloadXHR File download. status=200
1505105277048	addons.productaddons	INFO	Downloaded file will be saved to C:\Users\tomas\AppData\Local\Temp\tmpaddon
1505105278206	Marionette	DEBUG	Received DOM event "pageshow" for "https://www.u-cursos.cl/"
1505105280509	addons.productaddons	INFO	downloadXHR File download. status=200
1505105280535	addons.productaddons	INFO	Downloaded file will be saved to C:\Users\tomas\AppData\Local\Temp\tmpaddon
1505105283537	addons.xpi	DEBUG	Calling bootstrap method shutdown on webcompat@mozilla.org version 1.1
1505105283538	addons.xpi	DEBUG	Calling bootstrap method shutdown on shield-recipe-client@mozilla.org version 55.1
1505105283541	addons.xpi	DEBUG	Calling bootstrap method shutdown on screenshots@mozilla.org version 10.12.0
1505105283544	addons.xpi	DEBUG	Calling bootstrap method shutdown on followonsearch@mozilla.com version 0.9.1
1505105283545	addons.xpi	DEBUG	Calling bootstrap method shutdown on firefox@getpocket.com version 1.0.5
1505105283546	addons.xpi	DEBUG	Calling bootstrap method shutdown on e10srollout@mozilla.org version 2.0
1505105283546	addons.xpi	DEBUG	Calling bootstrap method shutdown on clicktoplay-rollout@mozilla.org version 1.2
1505105283547	addons.xpi	DEBUG	Calling bootstrap method shutdown on aushelper@mozilla.org version 2.0
Unable to read VR Path Registry from C:\Users\tomas\AppData\Local\openvr\openvrpaths.vrpath
[GPU 9484] WARNING: pipe error: 109: file c:/builds/moz2_slave/m-rel-w64-00000000000000000000/build/src/ipc/chromium/src/chrome/common/ipc_channel_win.cc, line 346
Unable to read VR Path Registry from C:\Users\tomas\AppData\Local\openvr\openvrpaths.vrpath
[Child 9408] WARNING: pipe error: 109: file c:/builds/moz2_slave/m-rel-w64-00000000000000000000/build/src/ipc/chromium/src/chrome/common/ipc_channel_win.cc, line 346
1505105283949	addons.manager	DEBUG	shutdown
1505105283951	addons.manager	DEBUG	Calling shutdown blocker for XPIProvider
1505105283951	addons.xpi	DEBUG	shutdown
1505105283951	addons.xpi-utils	DEBUG	shutdown
1505105283953	addons.manager	DEBUG	Calling shutdown blocker for LightweightThemeManager
1505105283953	addons.manager	DEBUG	Calling shutdown blocker for GMPProvider
1505105283955	addons.manager	DEBUG	Calling shutdown blocker for PluginProvider
1505105283955	addons.manager	DEBUG	Calling shutdown blocker for PreviousExperimentProvider
1505105283955	addons.manager	DEBUG	Calling shutdown blocker for <unnamed-provider>
1505105283962	addons.xpi	DEBUG	Notifying XPI shutdown observers
1505105283970	addons.manager	DEBUG	Async provider shutdown done

###!!! [Child][MessageChannel::SendAndWait] Error: Channel error: cannot send/recv

Unable to read VR Path Registry from C:\Users\tomas\AppData\Local\openvr\openvrpaths.vrpath
